[debug] [2022-09-01T06:48:30.414Z] ----------------------------------------------------------------------
[debug] [2022-09-01T06:48:30.425Z] Command:       /usr/local/bin/node /usr/local/bin/firebase deploy
[debug] [2022-09-01T06:48:30.426Z] CLI Version:   11.4.2
[debug] [2022-09-01T06:48:30.426Z] Platform:      darwin
[debug] [2022-09-01T06:48:30.427Z] Node Version:  v16.15.0
[debug] [2022-09-01T06:48:30.429Z] Time:          Thu Sep 01 2022 09:48:30 GMT+0300 (Eastern European Summer Time)
[debug] [2022-09-01T06:48:30.429Z] ----------------------------------------------------------------------
[debug] 
[debug] [2022-09-01T06:48:30.543Z] > command requires scopes: ["email","openid","https://www.googleapis.com/auth/cloudplatformprojects.readonly","https://www.googleapis.com/auth/firebase","https://www.googleapis.com/auth/cloud-platform"]
[debug] [2022-09-01T06:48:30.544Z] > authorizing via signed-in user (nikos@robotical.io)
[debug] [2022-09-01T06:48:30.544Z] [iam] checking project scratchjr-eb736 for permissions ["firebase.projects.get","firebasehosting.sites.update"]
[debug] [2022-09-01T06:48:30.549Z] >>> [apiv2][query] POST https://cloudresourcemanager.googleapis.com/v1/projects/scratchjr-eb736:testIamPermissions [none]
[debug] [2022-09-01T06:48:30.550Z] >>> [apiv2][(partial)header] POST https://cloudresourcemanager.googleapis.com/v1/projects/scratchjr-eb736:testIamPermissions x-goog-quota-user=projects/scratchjr-eb736
[debug] [2022-09-01T06:48:30.550Z] >>> [apiv2][body] POST https://cloudresourcemanager.googleapis.com/v1/projects/scratchjr-eb736:testIamPermissions {"permissions":["firebase.projects.get","firebasehosting.sites.update"]}
[debug] [2022-09-01T06:48:32.057Z] <<< [apiv2][status] POST https://cloudresourcemanager.googleapis.com/v1/projects/scratchjr-eb736:testIamPermissions 200
[debug] [2022-09-01T06:48:32.057Z] <<< [apiv2][body] POST https://cloudresourcemanager.googleapis.com/v1/projects/scratchjr-eb736:testIamPermissions {}
[debug] [2022-09-01T06:48:32.058Z] [iam] error while checking permissions, command may fail: FirebaseError: Authorization failed. This account is missing the following required permissions on project scratchjr-eb736:

  firebase.projects.get
  firebasehosting.sites.update
[debug] [2022-09-01T06:48:32.059Z] >>> [apiv2][query] GET https://firebase.googleapis.com/v1beta1/projects/scratchjr-eb736 [none]
[debug] [2022-09-01T06:48:33.417Z] <<< [apiv2][status] GET https://firebase.googleapis.com/v1beta1/projects/scratchjr-eb736 403
[debug] [2022-09-01T06:48:33.417Z] <<< [apiv2][body] GET https://firebase.googleapis.com/v1beta1/projects/scratchjr-eb736 {"error":{"code":403,"message":"The caller does not have permission","status":"PERMISSION_DENIED"}}
[debug] [2022-09-01T06:48:33.419Z] HTTP Error: 403, The caller does not have permission
[debug] [2022-09-01T06:48:34.483Z] FirebaseError: HTTP Error: 403, The caller does not have permission
    at responseToError (/usr/local/lib/node_modules/firebase-tools/lib/responseToError.js:49:12)
    at RetryOperation._fn (/usr/local/lib/node_modules/firebase-tools/lib/apiv2.js:288:77)
    at processTicksAndRejections (node:internal/process/task_queues:96:5)
[error] 
[error] Error: Failed to get Firebase project scratchjr-eb736. Please make sure the project exists and your account has permission to access it.
[debug] [2022-09-08T11:32:01.398Z] ----------------------------------------------------------------------
[debug] [2022-09-08T11:32:01.401Z] Command:       /usr/local/bin/node /usr/local/bin/firebase deploy
[debug] [2022-09-08T11:32:01.402Z] CLI Version:   11.4.2
[debug] [2022-09-08T11:32:01.402Z] Platform:      darwin
[debug] [2022-09-08T11:32:01.403Z] Node Version:  v16.15.0
[debug] [2022-09-08T11:32:01.404Z] Time:          Thu Sep 08 2022 14:32:01 GMT+0300 (Eastern European Summer Time)
[debug] [2022-09-08T11:32:01.405Z] ----------------------------------------------------------------------
[debug] 
[debug] [2022-09-08T11:32:01.492Z] > command requires scopes: ["email","openid","https://www.googleapis.com/auth/cloudplatformprojects.readonly","https://www.googleapis.com/auth/firebase","https://www.googleapis.com/auth/cloud-platform"]
[debug] [2022-09-08T11:32:01.492Z] > authorizing via signed-in user (nikos@robotical.io)
[debug] [2022-09-08T11:32:01.492Z] [iam] checking project scratchjr-eb736 for permissions ["firebase.projects.get","firebasehosting.sites.update"]
[debug] [2022-09-08T11:32:01.494Z] >>> [apiv2][query] POST https://cloudresourcemanager.googleapis.com/v1/projects/scratchjr-eb736:testIamPermissions [none]
[debug] [2022-09-08T11:32:01.494Z] >>> [apiv2][(partial)header] POST https://cloudresourcemanager.googleapis.com/v1/projects/scratchjr-eb736:testIamPermissions x-goog-quota-user=projects/scratchjr-eb736
[debug] [2022-09-08T11:32:01.495Z] >>> [apiv2][body] POST https://cloudresourcemanager.googleapis.com/v1/projects/scratchjr-eb736:testIamPermissions {"permissions":["firebase.projects.get","firebasehosting.sites.update"]}
[debug] [2022-09-08T11:32:02.625Z] <<< [apiv2][status] POST https://cloudresourcemanager.googleapis.com/v1/projects/scratchjr-eb736:testIamPermissions 200
[debug] [2022-09-08T11:32:02.626Z] <<< [apiv2][body] POST https://cloudresourcemanager.googleapis.com/v1/projects/scratchjr-eb736:testIamPermissions {}
[debug] [2022-09-08T11:32:02.626Z] [iam] error while checking permissions, command may fail: FirebaseError: Authorization failed. This account is missing the following required permissions on project scratchjr-eb736:

  firebase.projects.get
  firebasehosting.sites.update
[debug] [2022-09-08T11:32:02.627Z] >>> [apiv2][query] GET https://firebase.googleapis.com/v1beta1/projects/scratchjr-eb736 [none]
[debug] [2022-09-08T11:32:03.232Z] <<< [apiv2][status] GET https://firebase.googleapis.com/v1beta1/projects/scratchjr-eb736 403
[debug] [2022-09-08T11:32:03.232Z] <<< [apiv2][body] GET https://firebase.googleapis.com/v1beta1/projects/scratchjr-eb736 {"error":{"code":403,"message":"The caller does not have permission","status":"PERMISSION_DENIED"}}
[debug] [2022-09-08T11:32:03.234Z] HTTP Error: 403, The caller does not have permission
[debug] [2022-09-08T11:32:03.453Z] FirebaseError: HTTP Error: 403, The caller does not have permission
    at responseToError (/usr/local/lib/node_modules/firebase-tools/lib/responseToError.js:49:12)
    at RetryOperation._fn (/usr/local/lib/node_modules/firebase-tools/lib/apiv2.js:288:77)
    at processTicksAndRejections (node:internal/process/task_queues:96:5)
[error] 
[error] Error: Failed to get Firebase project scratchjr-eb736. Please make sure the project exists and your account has permission to access it.
